<?xml version="1.0" encoding="UTF-8"?>
<!-- Generated by org.testng.reporters.JUnitReportReporter -->
<testsuite hostname="DESKTOP-7MPKD8K" failures="0" tests="5" name="com.twoplugs.test.TP_007_Create_Update_Delete_Service" time="9.508" errors="0" timestamp="2023-03-15T11:48:12 EDT" skipped="0">
  <testcase classname="com.twoplugs.test.TP_007_Create_Update_Delete_Service" name="loginValidUsername" time="2.838"/>
  <system-out/>
  <testcase classname="com.twoplugs.test.TP_007_Create_Update_Delete_Service" name="goToProfilePage" time="0.339"/>
  <system-out/>
  <testcase classname="com.twoplugs.test.TP_007_Create_Update_Delete_Service" name="creatNewService" time="4.045"/>
  <system-out/>
  <testcase classname="com.twoplugs.test.TP_007_Create_Update_Delete_Service" name="editService" time="1.072"/>
  <system-out/>
  <testcase classname="com.twoplugs.test.TP_007_Create_Update_Delete_Service" name="deleteService" time="1.214"/>
  <system-out/>
</testsuite> <!-- com.twoplugs.test.TP_007_Create_Update_Delete_Service -->
