<?xml version="1.0" encoding="UTF-8"?>
<!-- Generated by org.testng.reporters.JUnitReportReporter -->
<testsuite hostname="DESKTOP-7MPKD8K" failures="0" tests="5" name="com.twoplugs.test.TP_008_Create_Update_Delete_Need" time="10.528" errors="0" timestamp="2023-03-15T11:49:13 EDT" skipped="0">
  <testcase classname="com.twoplugs.test.TP_008_Create_Update_Delete_Need" name="loginValidUsername" time="2.859"/>
  <system-out/>
  <testcase classname="com.twoplugs.test.TP_008_Create_Update_Delete_Need" name="goToProfilePage" time="0.336"/>
  <system-out/>
  <testcase classname="com.twoplugs.test.TP_008_Create_Update_Delete_Need" name="creatNewNeed" time="4.136"/>
  <system-out/>
  <testcase classname="com.twoplugs.test.TP_008_Create_Update_Delete_Need" name="editNeed" time="1.741"/>
  <system-out/>
  <testcase classname="com.twoplugs.test.TP_008_Create_Update_Delete_Need" name="deleteNeed" time="1.456"/>
  <system-out/>
</testsuite> <!-- com.twoplugs.test.TP_008_Create_Update_Delete_Need -->
