<?xml version="1.0" encoding="UTF-8"?>
<!-- Generated by org.testng.reporters.JUnitReportReporter -->
<testsuite hostname="DESKTOP-7MPKD8K" failures="0" tests="1" name="Webtest" time="0.016" errors="0" timestamp="2023-02-24T22:51:59 EST" skipped="0">
  <testcase classname="Webtest" name="testTitle" time="0.016"/>
  <system-out/>
</testsuite> <!-- Webtest -->
