<?xml version="1.0" encoding="UTF-8"?>
<!-- Generated by org.testng.reporters.JUnitReportReporter -->
<testsuite hostname="DESKTOP-7MPKD8K" failures="0" tests="2" name="com.twoplugs.test.TP_009_Editing_Profile" time="9.869" errors="0" timestamp="2023-03-16T17:18:57 EDT" skipped="0">
  <testcase classname="com.twoplugs.test.TP_009_Editing_Profile" name="loginValidUsername" time="2.779"/>
  <system-out/>
  <testcase classname="com.twoplugs.test.TP_009_Editing_Profile" name="changeNetwrok" time="7.090"/>
  <system-out/>
</testsuite> <!-- com.twoplugs.test.TP_009_Editing_Profile -->
