<?xml version="1.0" encoding="UTF-8"?>
<!-- Generated by org.testng.reporters.JUnitReportReporter -->
<testsuite hostname="DESKTOP-7MPKD8K" failures="0" tests="2" name="com.twoplugs.test.TP_004_Search_for_Service" time="10.628" errors="0" timestamp="2023-02-28T00:21:35 EST" skipped="0">
  <testcase classname="com.twoplugs.test.TP_004_Search_for_Service" name="loginValidUsername" time="5.086"/>
  <system-out/>
  <testcase classname="com.twoplugs.test.TP_004_Search_for_Service" name="searchForServices" time="5.542"/>
  <system-out/>
</testsuite> <!-- com.twoplugs.test.TP_004_Search_for_Service -->
