<?xml version="1.0" encoding="UTF-8"?>
<!-- Generated by org.testng.reporters.JUnitReportReporter -->
<testsuite hostname="DESKTOP-7MPKD8K" failures="0" tests="7" name="com.twoplugs.newtests.TP_SignUp" time="20.999" errors="0" timestamp="2023-03-27T11:59:59 EDT" skipped="0">
  <testcase classname="com.twoplugs.newtests.TP_SignUp" name="signupInvalidUsername" time="2.873"/>
  <system-out/>
  <testcase classname="com.twoplugs.newtests.TP_SignUp" name="signupInvalidUsername" time="2.956"/>
  <system-out/>
  <testcase classname="com.twoplugs.newtests.TP_SignUp" name="signupInvalidUsername" time="2.825"/>
  <system-out/>
  <testcase classname="com.twoplugs.newtests.TP_SignUp" name="signupInvalidUsername" time="2.685"/>
  <system-out/>
  <testcase classname="com.twoplugs.newtests.TP_SignUp" name="signupInvalidUsername" time="2.999"/>
  <system-out/>
  <testcase classname="com.twoplugs.newtests.TP_SignUp" name="signupInvalidUsername" time="3.920"/>
  <system-out/>
  <testcase classname="com.twoplugs.newtests.TP_SignUp" name="signupInvalidUsername" time="2.741"/>
  <system-out/>
</testsuite> <!-- com.twoplugs.newtests.TP_SignUp -->
