<?xml version="1.0" encoding="UTF-8"?>
<!-- Generated by org.testng.reporters.JUnitReportReporter -->
<testsuite hostname="DESKTOP-7MPKD8K" failures="0" tests="4" name="com.twoplugs.test.TP_010_Bid_Service" time="14.328" errors="0" timestamp="2023-03-06T12:45:42 EST" skipped="0">
  <testcase classname="com.twoplugs.test.TP_010_Bid_Service" name="loginValidUsername" time="6.215"/>
  <system-out/>
  <testcase classname="com.twoplugs.test.TP_010_Bid_Service" name="searchForServices" time="1.099"/>
  <system-out/>
  <testcase classname="com.twoplugs.test.TP_010_Bid_Service" name="clickOnService" time="6.922"/>
  <system-out/>
  <testcase classname="com.twoplugs.test.TP_010_Bid_Service" name="clickOnNegotiate" time="0.092"/>
  <system-out/>
</testsuite> <!-- com.twoplugs.test.TP_010_Bid_Service -->
