<?xml version="1.0" encoding="UTF-8"?>
<!-- Generated by org.testng.reporters.JUnitReportReporter -->
<testsuite hostname="DESKTOP-7MPKD8K" failures="0" tests="3" name="com.twoplugs.test.TP018_Testing_Refund" time="6.301" errors="0" timestamp="2023-03-13T13:21:03 EDT" skipped="0">
  <testcase classname="com.twoplugs.test.TP018_Testing_Refund" name="refundButton" time="0.041"/>
  <system-out/>
  <testcase classname="com.twoplugs.test.TP018_Testing_Refund" name="loginValidUsername" time="5.770"/>
  <system-out/>
  <testcase classname="com.twoplugs.test.TP018_Testing_Refund" name="goToTransactionPage" time="0.490"/>
  <system-out/>
</testsuite> <!-- com.twoplugs.test.TP018_Testing_Refund -->
