<?xml version="1.0" encoding="UTF-8"?>
<!-- Generated by org.testng.reporters.JUnitReportReporter -->
<testsuite hostname="DESKTOP-7MPKD8K" failures="0" tests="1" name="com.twoplugs.test.InitialTest" time="0.021" errors="0" timestamp="2023-02-25T01:34:02 EST" skipped="0">
  <testcase classname="com.twoplugs.test.InitialTest" name="testTitle" time="0.021"/>
  <system-out/>
</testsuite> <!-- com.twoplugs.test.InitialTest -->
