<?xml version="1.0" encoding="UTF-8"?>
<!-- Generated by org.testng.reporters.JUnitReportReporter -->
<testsuite hostname="DESKTOP-7MPKD8K" failures="0" tests="5" name="com.twoplugs.test.ChangeEmailTest01" time="28.813" errors="0" timestamp="2023-03-15T14:00:10 EDT" skipped="0">
  <testcase classname="com.twoplugs.test.ChangeEmailTest01" name="loginValidUsername" time="2.082"/>
  <system-out/>
  <testcase classname="com.twoplugs.test.ChangeEmailTest01" name="ChangeEmailAction01" time="6.862"/>
  <system-out/>
  <testcase classname="com.twoplugs.test.ChangeEmailTest01" name="ChangeEmailAction01" time="6.565"/>
  <system-out/>
  <testcase classname="com.twoplugs.test.ChangeEmailTest01" name="ChangeEmailAction01" time="6.759"/>
  <system-out/>
  <testcase classname="com.twoplugs.test.ChangeEmailTest01" name="ChangeEmailAction01" time="6.545"/>
  <system-out/>
</testsuite> <!-- com.twoplugs.test.ChangeEmailTest01 -->
