<?xml version="1.0" encoding="UTF-8"?>
<!-- Generated by org.testng.reporters.JUnitReportReporter -->
<testsuite hostname="DESKTOP-7MPKD8K" failures="0" tests="3" name="com.twoplugs.newtests.TP_Services" time="4.512" errors="0" timestamp="2023-03-28T17:12:09 EDT" skipped="0">
  <testcase classname="com.twoplugs.newtests.TP_Services" name="loginValidUsername" time="2.323"/>
  <system-out/>
  <testcase classname="com.twoplugs.newtests.TP_Services" name="goToProfilePage" time="0.473"/>
  <system-out/>
  <testcase classname="com.twoplugs.newtests.TP_Services" name="creatNewService" time="1.716"/>
  <system-out/>
</testsuite> <!-- com.twoplugs.newtests.TP_Services -->
