<?xml version="1.0" encoding="UTF-8"?>
<!-- Generated by org.testng.reporters.JUnitReportReporter -->
<testsuite hostname="DESKTOP-7MPKD8K" failures="0" tests="1" name="com.twoplugs.test.TP_002_Login_Valid_EmailPassword" time="5.876" errors="0" timestamp="2023-03-15T11:53:00 EDT" skipped="0">
  <testcase classname="com.twoplugs.test.TP_002_Login_Valid_EmailPassword" name="loginValidUsername" time="5.876"/>
  <system-out/>
</testsuite> <!-- com.twoplugs.test.TP_002_Login_Valid_EmailPassword -->
