<?xml version="1.0" encoding="UTF-8"?>
<!-- Generated by org.testng.reporters.JUnitReportReporter -->
<testsuite hostname="DESKTOP-7MPKD8K" failures="0" tests="1" name="com.twoplugs.test.TP_002_Login_Valid_EmailPassword" time="6.251" errors="0" timestamp="2023-02-28T00:21:35 EST" skipped="0">
  <testcase classname="com.twoplugs.test.TP_002_Login_Valid_EmailPassword" name="loginValidUsername" time="6.251"/>
  <system-out/>
</testsuite> <!-- com.twoplugs.test.TP_002_Login_Valid_EmailPassword -->
