<?xml version="1.0" encoding="UTF-8"?>
<!-- Generated by org.testng.reporters.JUnitReportReporter -->
<testsuite hostname="DESKTOP-7MPKD8K" failures="0" tests="4" name="com.twoplugs.newtests.TP_LoginTest" time="8.797" errors="0" timestamp="2023-03-28T17:41:59 EDT" skipped="0">
  <testcase classname="com.twoplugs.newtests.TP_LoginTest" name="loginValidUsername" time="1.383"/>
  <system-out/>
  <testcase classname="com.twoplugs.newtests.TP_LoginTest" name="loginValidUsername" time="2.945"/>
  <system-out/>
  <testcase classname="com.twoplugs.newtests.TP_LoginTest" name="loginValidUsername" time="3.205"/>
  <system-out/>
  <testcase classname="com.twoplugs.newtests.TP_LoginTest" name="loginValidUsername" time="1.264"/>
  <system-out/>
</testsuite> <!-- com.twoplugs.newtests.TP_LoginTest -->
