<?xml version="1.0" encoding="UTF-8"?>
<!-- Generated by org.testng.reporters.JUnitReportReporter -->
<testsuite hostname="DESKTOP-7MPKD8K" failures="0" tests="1" name="com.twoplugs.test.TP_003_Invalid_User_Login" time="5.652" errors="0" timestamp="2023-02-28T00:21:35 EST" skipped="0">
  <testcase classname="com.twoplugs.test.TP_003_Invalid_User_Login" name="signupInvalidUsername" time="5.652"/>
  <system-out/>
</testsuite> <!-- com.twoplugs.test.TP_003_Invalid_User_Login -->
