<?xml version="1.0" encoding="UTF-8"?>
<!-- Generated by org.testng.reporters.JUnitReportReporter -->
<testsuite hostname="DESKTOP-7MPKD8K" failures="0" tests="5" name="com.twoplugs.test.TP_007_Create_Update_Delete_Service" time="7.527" errors="0" timestamp="2023-03-07T12:29:51 EST" skipped="0">
  <testcase classname="com.twoplugs.test.TP_007_Create_Update_Delete_Service" name="loginValidUsername" time="3.180"/>
  <system-out/>
  <testcase classname="com.twoplugs.test.TP_007_Create_Update_Delete_Service" name="goToProfilePage" time="0.370"/>
  <system-out/>
  <testcase classname="com.twoplugs.test.TP_007_Create_Update_Delete_Service" name="creatNewService" time="2.111"/>
  <system-out/>
  <testcase classname="com.twoplugs.test.TP_007_Create_Update_Delete_Service" name="editService" time="0.887"/>
  <system-out/>
  <testcase classname="com.twoplugs.test.TP_007_Create_Update_Delete_Service" name="deleteService" time="0.979"/>
  <system-out/>
</testsuite> <!-- com.twoplugs.test.TP_007_Create_Update_Delete_Service -->
