<?xml version="1.0" encoding="UTF-8"?>
<!-- Generated by org.testng.reporters.JUnitReportReporter -->
<testsuite hostname="DESKTOP-7MPKD8K" failures="0" tests="4" name="com.twoplugs.test.TP_002_Login_Valid_EmailPassword" time="7.657" errors="0" timestamp="2023-03-25T12:27:44 EDT" skipped="0">
  <testcase classname="com.twoplugs.test.TP_002_Login_Valid_EmailPassword" name="loginValidUsername" time="2.028"/>
  <system-out/>
  <testcase classname="com.twoplugs.test.TP_002_Login_Valid_EmailPassword" name="loginValidUsername" time="3.513"/>
  <system-out/>
  <testcase classname="com.twoplugs.test.TP_002_Login_Valid_EmailPassword" name="loginValidUsername" time="0.979"/>
  <system-out/>
  <testcase classname="com.twoplugs.test.TP_002_Login_Valid_EmailPassword" name="loginValidUsername" time="1.137"/>
  <system-out/>
</testsuite> <!-- com.twoplugs.test.TP_002_Login_Valid_EmailPassword -->
