<?xml version="1.0" encoding="UTF-8"?>
<!-- Generated by org.testng.reporters.JUnitReportReporter -->
<testsuite hostname="DESKTOP-7MPKD8K" failures="0" tests="2" name="com.twoplugs.test.TP_019_Change_Network" time="9.944" errors="0" timestamp="2023-03-06T11:32:33 EST" skipped="0">
  <testcase classname="com.twoplugs.test.TP_019_Change_Network" name="loginValidUsername" time="2.726"/>
  <system-out/>
  <testcase classname="com.twoplugs.test.TP_019_Change_Network" name="changeNetwrok" time="7.218"/>
  <system-out/>
</testsuite> <!-- com.twoplugs.test.TP_019_Change_Network -->
