<?xml version="1.0" encoding="UTF-8"?>
<!-- Generated by org.testng.reporters.JUnitReportReporter -->
<testsuite hostname="DESKTOP-7MPKD8K" failures="0" tests="2" name="com.twoplugs.test.TP_005_Search_User" time="6.447" errors="0" timestamp="2023-03-07T10:47:13 EST" skipped="0">
  <testcase classname="com.twoplugs.test.TP_005_Search_User" name="loginValidUsername" time="5.781"/>
  <system-out/>
  <testcase classname="com.twoplugs.test.TP_005_Search_User" name="searchForUser" time="0.666"/>
  <system-out/>
</testsuite> <!-- com.twoplugs.test.TP_005_Search_User -->
