<?xml version="1.0" encoding="UTF-8"?>
<!-- Generated by org.testng.reporters.JUnitReportReporter -->
<testsuite hostname="DESKTOP-7MPKD8K" failures="0" tests="4" name="com.twoplugs.test.TP_011_Want_Button" time="13.417" errors="0" timestamp="2023-03-06T12:51:12 EST" skipped="0">
  <testcase classname="com.twoplugs.test.TP_011_Want_Button" name="loginValidUsername" time="5.803"/>
  <system-out/>
  <testcase classname="com.twoplugs.test.TP_011_Want_Button" name="searchForServices" time="0.836"/>
  <system-out/>
  <testcase classname="com.twoplugs.test.TP_011_Want_Button" name="clickOnService" time="6.680"/>
  <system-out/>
  <testcase classname="com.twoplugs.test.TP_011_Want_Button" name="clickOnWant" time="0.098"/>
  <system-out/>
</testsuite> <!-- com.twoplugs.test.TP_011_Want_Button -->
